app/build/intermediates/manifest_merge_blame_file/debug/manifest-merger-blame-debug-report.txt
1<?xml version="1.0" encoding="utf-8"?>
2<manifest xmlns:android="http://schemas.android.com/apk/res/android"
3    package="com.example.myhomeapplication"
4    android:versionCode="1"
5    android:versionName="1.0" >
6
7    <uses-sdk
8        android:minSdkVersion="19"
8-->src/main/AndroidManifest.xml
9        android:targetSdkVersion="33" />
9-->src/main/AndroidManifest.xml
10
11    <permission
11-->[androidx.core:core:1.12.0-alpha03] AndroidManifest.xml:22:5-24:47
12        android:name="com.example.myhomeapplication.DYNAMIC_RECEIVER_NOT_EXPORTED_PERMISSION"
12-->[androidx.core:core:1.12.0-alpha03] AndroidManifest.xml:23:9-81
13        android:protectionLevel="signature" />
13-->[androidx.core:core:1.12.0-alpha03] AndroidManifest.xml:24:9-44
14
15    <uses-permission android:name="com.example.myhomeapplication.DYNAMIC_RECEIVER_NOT_EXPORTED_PERMISSION" />
15-->[androidx.core:core:1.12.0-alpha03] AndroidManifest.xml:26:5-97
15-->[androidx.core:core:1.12.0-alpha03] AndroidManifest.xml:26:22-94
16
17    <application
17-->src/main/AndroidManifest.xml:5:5-33:19
18        android:allowBackup="true"
18-->src/main/AndroidManifest.xml:6:9-35
19        android:appComponentFactory="androidx.core.app.CoreComponentFactory"
19-->[androidx.core:core:1.12.0-alpha03] AndroidManifest.xml:28:18-86
20        android:dataExtractionRules="@xml/data_extraction_rules"
20-->src/main/AndroidManifest.xml:7:9-65
21        android:debuggable="true"
22        android:fullBackupContent="@xml/backup_rules"
22-->src/main/AndroidManifest.xml:8:9-54
23        android:icon="@mipmap/ic_launcher"
23-->src/main/AndroidManifest.xml:9:9-43
24        android:label="@string/app_name"
24-->src/main/AndroidManifest.xml:10:9-41
25        android:roundIcon="@mipmap/ic_launcher_round"
25-->src/main/AndroidManifest.xml:11:9-54
26        android:supportsRtl="true"
26-->src/main/AndroidManifest.xml:12:9-35
27        android:testOnly="true"
28        android:theme="@style/Theme.MyHomeApplication" >
28-->src/main/AndroidManifest.xml:13:9-55
29        <activity
29-->src/main/AndroidManifest.xml:15:9-17:40
30            android:name="com.example.myhomeapplication.AgentsActivity"
30-->src/main/AndroidManifest.xml:16:13-43
31            android:exported="false" />
31-->src/main/AndroidManifest.xml:17:13-37
32        <activity
32-->src/main/AndroidManifest.xml:18:9-27:20
33            android:name="com.example.myhomeapplication.Splashscreen"
33-->src/main/AndroidManifest.xml:19:13-41
34            android:exported="true"
34-->src/main/AndroidManifest.xml:20:13-36
35            android:theme="@style/Theme.Splashscreen" >
35-->src/main/AndroidManifest.xml:21:13-54
36            <intent-filter>
36-->src/main/AndroidManifest.xml:22:13-26:29
37                <action android:name="android.intent.action.MAIN" />
37-->src/main/AndroidManifest.xml:23:17-69
37-->src/main/AndroidManifest.xml:23:25-66
38
39                <category android:name="android.intent.category.LAUNCHER" />
39-->src/main/AndroidManifest.xml:25:17-77
39-->src/main/AndroidManifest.xml:25:27-74
40            </intent-filter>
41        </activity>
42        <activity
42-->src/main/AndroidManifest.xml:28:9-32:83
43            android:name="com.example.myhomeapplication.MainActivity"
43-->src/main/AndroidManifest.xml:29:13-41
44            android:exported="true"
44-->src/main/AndroidManifest.xml:30:13-36
45            android:label="@string/app_name"
45-->src/main/AndroidManifest.xml:31:13-45
46            android:theme="@style/Theme.MyHomeApplication.NoActionBar" />
46-->src/main/AndroidManifest.xml:32:13-71
47
48        <provider
48-->[androidx.emoji2:emoji2:1.2.0] AndroidManifest.xml:24:9-32:20
49            android:name="androidx.startup.InitializationProvider"
49-->[androidx.emoji2:emoji2:1.2.0] AndroidManifest.xml:25:13-67
50            android:authorities="com.example.myhomeapplication.androidx-startup"
50-->[androidx.emoji2:emoji2:1.2.0] AndroidManifest.xml:26:13-68
51            android:exported="false" >
51-->[androidx.emoji2:emoji2:1.2.0] AndroidManifest.xml:27:13-37
52            <meta-data
52-->[androidx.emoji2:emoji2:1.2.0] AndroidManifest.xml:29:13-31:52
53                android:name="androidx.emoji2.text.EmojiCompatInitializer"
53-->[androidx.emoji2:emoji2:1.2.0] AndroidManifest.xml:30:17-75
54                android:value="androidx.startup" />
54-->[androidx.emoji2:emoji2:1.2.0] AndroidManifest.xml:31:17-49
55            <meta-data
55-->[androidx.lifecycle:lifecycle-process:2.6.1] AndroidManifest.xml:29:13-31:52
56                android:name="androidx.lifecycle.ProcessLifecycleInitializer"
56-->[androidx.lifecycle:lifecycle-process:2.6.1] AndroidManifest.xml:30:17-78
57                android:value="androidx.startup" />
57-->[androidx.lifecycle:lifecycle-process:2.6.1] AndroidManifest.xml:31:17-49
58            <meta-data
58-->[androidx.profileinstaller:profileinstaller:1.3.0] AndroidManifest.xml:29:13-31:52
59                android:name="androidx.profileinstaller.ProfileInstallerInitializer"
59-->[androidx.profileinstaller:profileinstaller:1.3.0] AndroidManifest.xml:30:17-85
60                android:value="androidx.startup" />
60-->[androidx.profileinstaller:profileinstaller:1.3.0] AndroidManifest.xml:31:17-49
61        </provider>
62
63        <uses-library
63-->[androidx.window:window:1.0.0] AndroidManifest.xml:25:9-27:40
64            android:name="androidx.window.extensions"
64-->[androidx.window:window:1.0.0] AndroidManifest.xml:26:13-54
65            android:required="false" />
65-->[androidx.window:window:1.0.0] AndroidManifest.xml:27:13-37
66        <uses-library
66-->[androidx.window:window:1.0.0] AndroidManifest.xml:28:9-30:40
67            android:name="androidx.window.sidecar"
67-->[androidx.window:window:1.0.0] AndroidManifest.xml:29:13-51
68            android:required="false" />
68-->[androidx.window:window:1.0.0] AndroidManifest.xml:30:13-37
69
70        <receiver
70-->[androidx.profileinstaller:profileinstaller:1.3.0] AndroidManifest.xml:34:9-52:20
71            android:name="androidx.profileinstaller.ProfileInstallReceiver"
71-->[androidx.profileinstaller:profileinstaller:1.3.0] AndroidManifest.xml:35:13-76
72            android:directBootAware="false"
72-->[androidx.profileinstaller:profileinstaller:1.3.0] AndroidManifest.xml:36:13-44
73            android:enabled="true"
73-->[androidx.profileinstaller:profileinstaller:1.3.0] AndroidManifest.xml:37:13-35
74            android:exported="true"
74-->[androidx.profileinstaller:profileinstaller:1.3.0] AndroidManifest.xml:38:13-36
75            android:permission="android.permission.DUMP" >
75-->[androidx.profileinstaller:profileinstaller:1.3.0] AndroidManifest.xml:39:13-57
76            <intent-filter>
76-->[androidx.profileinstaller:profileinstaller:1.3.0] AndroidManifest.xml:40:13-42:29
77                <action android:name="androidx.profileinstaller.action.INSTALL_PROFILE" />
77-->[androidx.profileinstaller:profileinstaller:1.3.0] AndroidManifest.xml:41:17-91
77-->[androidx.profileinstaller:profileinstaller:1.3.0] AndroidManifest.xml:41:25-88
78            </intent-filter>
79            <intent-filter>
79-->[androidx.profileinstaller:profileinstaller:1.3.0] AndroidManifest.xml:43:13-45:29
80                <action android:name="androidx.profileinstaller.action.SKIP_FILE" />
80-->[androidx.profileinstaller:profileinstaller:1.3.0] AndroidManifest.xml:44:17-85
80-->[androidx.profileinstaller:profileinstaller:1.3.0] AndroidManifest.xml:44:25-82
81            </intent-filter>
82            <intent-filter>
82-->[androidx.profileinstaller:profileinstaller:1.3.0] AndroidManifest.xml:46:13-48:29
83                <action android:name="androidx.profileinstaller.action.SAVE_PROFILE" />
83-->[androidx.profileinstaller:profileinstaller:1.3.0] AndroidManifest.xml:47:17-88
83-->[androidx.profileinstaller:profileinstaller:1.3.0] AndroidManifest.xml:47:25-85
84            </intent-filter>
85            <intent-filter>
85-->[androidx.profileinstaller:profileinstaller:1.3.0] AndroidManifest.xml:49:13-51:29
86                <action android:name="androidx.profileinstaller.action.BENCHMARK_OPERATION" />
86-->[androidx.profileinstaller:profileinstaller:1.3.0] AndroidManifest.xml:50:17-95
86-->[androidx.profileinstaller:profileinstaller:1.3.0] AndroidManifest.xml:50:25-92
87            </intent-filter>
88        </receiver>
89    </application>
90
91</manifest>